<?xml version="1.0" encoding="UTF-8"?>
<!-- Generated by org.testng.reporters.JUnitXMLReporter -->
<testsuite ignored="0" hostname="DESKTOP-A0PFMEG" failures="0" tests="1000" name="Test" time="8.904" errors="0" timestamp="2023-07-22T19:25:10 MST">
  <testcase classname="testNGAnnotation_Flag.Flag3" name="method1" time="0.04"/>
  <testcase classname="testNGAnnotation_Flag.Flag3" name="method1" time="0.009"/>
  <testcase classname="testNGAnnotation_Flag.Flag3" name="method1" time="0.006"/>
  <testcase classname="testNGAnnotation_Flag.Flag3" name="method1" time="0.004"/>
  <testcase classname="testNGAnnotation_Flag.Flag3" name="method1" time="0.008"/>
  <testcase classname="testNGAnnotation_Flag.Flag3" name="method1" time="0.011"/>
  <testcase classname="testNGAnnotation_Flag.Flag3" name="method1" time="0.046"/>
  <testcase classname="testNGAnnotation_Flag.Flag3" name="method1" time="0.023"/>
  <testcase classname="testNGAnnotation_Flag.Flag3" name="method1" time="0.016"/>
  <testcase classname="testNGAnnotation_Flag.Flag3" name="method1" time="0.012"/>
  <testcase classname="testNGAnnotation_Flag.Flag3" name="method1" time="0.014"/>
  <testcase classname="testNGAnnotation_Flag.Flag3" name="method1" time="0.018"/>
  <testcase classname="testNGAnnotation_Flag.Flag3" name="method1" time="0.003"/>
  <testcase classname="testNGAnnotation_Flag.Flag3" name="method1" time="0.003"/>
  <testcase classname="testNGAnnotation_Flag.Flag3" name="method1" time="0.01"/>
  <testcase classname="testNGAnnotation_Flag.Flag3" name="method1" time="0.01"/>
  <testcase classname="testNGAnnotation_Flag.Flag3" name="method1" time="0.005"/>
  <testcase classname="testNGAnnotation_Flag.Flag3" name="method1" time="0.012"/>
  <testcase classname="testNGAnnotation_Flag.Flag3" name="method1" time="0.015"/>
  <testcase classname="testNGAnnotation_Flag.Flag3" name="method1" time="0.026"/>
  <testcase classname="testNGAnnotation_Flag.Flag3" name="method1" time="0.01"/>
  <testcase classname="testNGAnnotation_Flag.Flag3" name="method1" time="0.014"/>
  <testcase classname="testNGAnnotation_Flag.Flag3" name="method1" time="0.019"/>
  <testcase classname="testNGAnnotation_Flag.Flag3" name="method1" time="0.008"/>
  <testcase classname="testNGAnnotation_Flag.Flag3" name="method1" time="0.005"/>
  <testcase classname="testNGAnnotation_Flag.Flag3" name="method1" time="0.003"/>
  <testcase classname="testNGAnnotation_Flag.Flag3" name="method1" time="0.002"/>
  <testcase classname="testNGAnnotation_Flag.Flag3" name="method1" time="0.011"/>
  <testcase classname="testNGAnnotation_Flag.Flag3" name="method1" time="0.006"/>
  <testcase classname="testNGAnnotation_Flag.Flag3" name="method1" time="0.003"/>
  <testcase classname="testNGAnnotation_Flag.Flag3" name="method1" time="0.005"/>
  <testcase classname="testNGAnnotation_Flag.Flag3" name="method1" time="0.017"/>
  <testcase classname="testNGAnnotation_Flag.Flag3" name="method1" time="0.002"/>
  <testcase classname="testNGAnnotation_Flag.Flag3" name="method1" time="0.003"/>
  <testcase classname="testNGAnnotation_Flag.Flag3" name="method1" time="0.002"/>
  <testcase classname="testNGAnnotation_Flag.Flag3" name="method1" time="0.006"/>
  <testcase classname="testNGAnnotation_Flag.Flag3" name="method1" time="0.012"/>
  <testcase classname="testNGAnnotation_Flag.Flag3" name="method1" time="0.077"/>
  <testcase classname="testNGAnnotation_Flag.Flag3" name="method1" time="0.012"/>
  <testcase classname="testNGAnnotation_Flag.Flag3" name="method1" time="0.023"/>
  <testcase classname="testNGAnnotation_Flag.Flag3" name="method1" time="0.005"/>
  <testcase classname="testNGAnnotation_Flag.Flag3" name="method1" time="0.036"/>
  <testcase classname="testNGAnnotation_Flag.Flag3" name="method1" time="0.023"/>
  <testcase classname="testNGAnnotation_Flag.Flag3" name="method1" time="0.007"/>
  <testcase classname="testNGAnnotation_Flag.Flag3" name="method1" time="0.004"/>
  <testcase classname="testNGAnnotation_Flag.Flag3" name="method1" time="0.003"/>
  <testcase classname="testNGAnnotation_Flag.Flag3" name="method1" time="0.003"/>
  <testcase classname="testNGAnnotation_Flag.Flag3" name="method1" time="0.005"/>
  <testcase classname="testNGAnnotation_Flag.Flag3" name="method1" time="0.004"/>
  <testcase classname="testNGAnnotation_Flag.Flag3" name="method1" time="0.003"/>
  <testcase classname="testNGAnnotation_Flag.Flag3" name="method1" time="0.002"/>
  <testcase classname="testNGAnnotation_Flag.Flag3" name="method1" time="0.003"/>
  <testcase classname="testNGAnnotation_Flag.Flag3" name="method1" time="0.003"/>
  <testcase classname="testNGAnnotation_Flag.Flag3" name="method1" time="0.003"/>
  <testcase classname="testNGAnnotation_Flag.Flag3" name="method1" time="0.003"/>
  <testcase classname="testNGAnnotation_Flag.Flag3" name="method1" time="0.003"/>
  <testcase classname="testNGAnnotation_Flag.Flag3" name="method1" time="0.003"/>
  <testcase classname="testNGAnnotation_Flag.Flag3" name="method1" time="0.003"/>
  <testcase classname="testNGAnnotation_Flag.Flag3" name="method1" time="0.003"/>
  <testcase classname="testNGAnnotation_Flag.Flag3" name="method1" time="0.007"/>
  <testcase classname="testNGAnnotation_Flag.Flag3" name="method1" time="0.011"/>
  <testcase classname="testNGAnnotation_Flag.Flag3" name="method1" time="0.005"/>
  <testcase classname="testNGAnnotation_Flag.Flag3" name="method1" time="0.013"/>
  <testcase classname="testNGAnnotation_Flag.Flag3" name="method1" time="0.004"/>
  <testcase classname="testNGAnnotation_Flag.Flag3" name="method1" time="0.004"/>
  <testcase classname="testNGAnnotation_Flag.Flag3" name="method1" time="0.009"/>
  <testcase classname="testNGAnnotation_Flag.Flag3" name="method1" time="0.003"/>
  <testcase classname="testNGAnnotation_Flag.Flag3" name="method1" time="0.002"/>
  <testcase classname="testNGAnnotation_Flag.Flag3" name="method1" time="0.001"/>
  <testcase classname="testNGAnnotation_Flag.Flag3" name="method1" time="0.002"/>
  <testcase classname="testNGAnnotation_Flag.Flag3" name="method1" time="0.002"/>
  <testcase classname="testNGAnnotation_Flag.Flag3" name="method1" time="0.012"/>
  <testcase classname="testNGAnnotation_Flag.Flag3" name="method1" time="0.003"/>
  <testcase classname="testNGAnnotation_Flag.Flag3" name="method1" time="0.002"/>
  <testcase classname="testNGAnnotation_Flag.Flag3" name="method1" time="0.002"/>
  <testcase classname="testNGAnnotation_Flag.Flag3" name="method1" time="0.003"/>
  <testcase classname="testNGAnnotation_Flag.Flag3" name="method1" time="0.017"/>
  <testcase classname="testNGAnnotation_Flag.Flag3" name="method1" time="0.003"/>
  <testcase classname="testNGAnnotation_Flag.Flag3" name="method1" time="0.003"/>
  <testcase classname="testNGAnnotation_Flag.Flag3" name="method1" time="0.002"/>
  <testcase classname="testNGAnnotation_Flag.Flag3" name="method1" time="0.002"/>
  <testcase classname="testNGAnnotation_Flag.Flag3" name="method1" time="0.013"/>
  <testcase classname="testNGAnnotation_Flag.Flag3" name="method1" time="0.003"/>
  <testcase classname="testNGAnnotation_Flag.Flag3" name="method1" time="0.009"/>
  <testcase classname="testNGAnnotation_Flag.Flag3" name="method1" time="0.003"/>
  <testcase classname="testNGAnnotation_Flag.Flag3" name="method1" time="0.003"/>
  <testcase classname="testNGAnnotation_Flag.Flag3" name="method1" time="0.002"/>
  <testcase classname="testNGAnnotation_Flag.Flag3" name="method1" time="0.005"/>
  <testcase classname="testNGAnnotation_Flag.Flag3" name="method1" time="0.002"/>
  <testcase classname="testNGAnnotation_Flag.Flag3" name="method1" time="0.002"/>
  <testcase classname="testNGAnnotation_Flag.Flag3" name="method1" time="0.059"/>
  <testcase classname="testNGAnnotation_Flag.Flag3" name="method1" time="0.002"/>
  <testcase classname="testNGAnnotation_Flag.Flag3" name="method1" time="0.005"/>
  <testcase classname="testNGAnnotation_Flag.Flag3" name="method1" time="0.002"/>
  <testcase classname="testNGAnnotation_Flag.Flag3" name="method1" time="0.001"/>
  <testcase classname="testNGAnnotation_Flag.Flag3" name="method1" time="0.001"/>
  <testcase classname="testNGAnnotation_Flag.Flag3" name="method1" time="0.002"/>
  <testcase classname="testNGAnnotation_Flag.Flag3" name="method1" time="0.004"/>
  <testcase classname="testNGAnnotation_Flag.Flag3" name="method1" time="0.038"/>
  <testcase classname="testNGAnnotation_Flag.Flag3" name="method1" time="0.002"/>
  <testcase classname="testNGAnnotation_Flag.Flag3" name="method1" time="0.003"/>
  <testcase classname="testNGAnnotation_Flag.Flag3" name="method1" time="0.002"/>
  <testcase classname="testNGAnnotation_Flag.Flag3" name="method1" time="0.002"/>
  <testcase classname="testNGAnnotation_Flag.Flag3" name="method1" time="0.002"/>
  <testcase classname="testNGAnnotation_Flag.Flag3" name="method1" time="0.001"/>
  <testcase classname="testNGAnnotation_Flag.Flag3" name="method1" time="0.002"/>
  <testcase classname="testNGAnnotation_Flag.Flag3" name="method1" time="0.003"/>
  <testcase classname="testNGAnnotation_Flag.Flag3" name="method1" time="0.007"/>
  <testcase classname="testNGAnnotation_Flag.Flag3" name="method1" time="0.006"/>
  <testcase classname="testNGAnnotation_Flag.Flag3" name="method1" time="0.002"/>
  <testcase classname="testNGAnnotation_Flag.Flag3" name="method1" time="0.001"/>
  <testcase classname="testNGAnnotation_Flag.Flag3" name="method1" time="0.001"/>
  <testcase classname="testNGAnnotation_Flag.Flag3" name="method1" time="0.001"/>
  <testcase classname="testNGAnnotation_Flag.Flag3" name="method1" time="0.002"/>
  <testcase classname="testNGAnnotation_Flag.Flag3" name="method1" time="0.003"/>
  <testcase classname="testNGAnnotation_Flag.Flag3" name="method1" time="0.002"/>
  <testcase classname="testNGAnnotation_Flag.Flag3" name="method1" time="0.02"/>
  <testcase classname="testNGAnnotation_Flag.Flag3" name="method1" time="0.094"/>
  <testcase classname="testNGAnnotation_Flag.Flag3" name="method1" time="0.003"/>
  <testcase classname="testNGAnnotation_Flag.Flag3" name="method1" time="0.002"/>
  <testcase classname="testNGAnnotation_Flag.Flag3" name="method1" time="0.128"/>
  <testcase classname="testNGAnnotation_Flag.Flag3" name="method1" time="0.016"/>
  <testcase classname="testNGAnnotation_Flag.Flag3" name="method1" time="0.001"/>
  <testcase classname="testNGAnnotation_Flag.Flag3" name="method1" time="0.002"/>
  <testcase classname="testNGAnnotation_Flag.Flag3" name="method1" time="0.008"/>
  <testcase classname="testNGAnnotation_Flag.Flag3" name="method1" time="0.02"/>
  <testcase classname="testNGAnnotation_Flag.Flag3" name="method1" time="0.064"/>
  <testcase classname="testNGAnnotation_Flag.Flag3" name="method1" time="0.003"/>
  <testcase classname="testNGAnnotation_Flag.Flag3" name="method1" time="0.001"/>
  <testcase classname="testNGAnnotation_Flag.Flag3" name="method1" time="0.001"/>
  <testcase classname="testNGAnnotation_Flag.Flag3" name="method1" time="0.002"/>
  <testcase classname="testNGAnnotation_Flag.Flag3" name="method1" time="0.001"/>
  <testcase classname="testNGAnnotation_Flag.Flag3" name="method1" time="0.001"/>
  <testcase classname="testNGAnnotation_Flag.Flag3" name="method1" time="0.001"/>
  <testcase classname="testNGAnnotation_Flag.Flag3" name="method1" time="0.001"/>
  <testcase classname="testNGAnnotation_Flag.Flag3" name="method1" time="0.001"/>
  <testcase classname="testNGAnnotation_Flag.Flag3" name="method1" time="0.002"/>
  <testcase classname="testNGAnnotation_Flag.Flag3" name="method1" time="0.002"/>
  <testcase classname="testNGAnnotation_Flag.Flag3" name="method1" time="0.001"/>
  <testcase classname="testNGAnnotation_Flag.Flag3" name="method1" time="0.002"/>
  <testcase classname="testNGAnnotation_Flag.Flag3" name="method1" time="0.001"/>
  <testcase classname="testNGAnnotation_Flag.Flag3" name="method1" time="0.001"/>
  <testcase classname="testNGAnnotation_Flag.Flag3" name="method1" time="0.001"/>
  <testcase classname="testNGAnnotation_Flag.Flag3" name="method1" time="0.002"/>
  <testcase classname="testNGAnnotation_Flag.Flag3" name="method1" time="0.027"/>
  <testcase classname="testNGAnnotation_Flag.Flag3" name="method1" time="0.003"/>
  <testcase classname="testNGAnnotation_Flag.Flag3" name="method1" time="0.002"/>
  <testcase classname="testNGAnnotation_Flag.Flag3" name="method1" time="0.002"/>
  <testcase classname="testNGAnnotation_Flag.Flag3" name="method1" time="0.002"/>
  <testcase classname="testNGAnnotation_Flag.Flag3" name="method1" time="0.002"/>
  <testcase classname="testNGAnnotation_Flag.Flag3" name="method1" time="0.004"/>
  <testcase classname="testNGAnnotation_Flag.Flag3" name="method1" time="0.003"/>
  <testcase classname="testNGAnnotation_Flag.Flag3" name="method1" time="0.008"/>
  <testcase classname="testNGAnnotation_Flag.Flag3" name="method1" time="0.002"/>
  <testcase classname="testNGAnnotation_Flag.Flag3" name="method1" time="0.002"/>
  <testcase classname="testNGAnnotation_Flag.Flag3" name="method1" time="0.003"/>
  <testcase classname="testNGAnnotation_Flag.Flag3" name="method1" time="0.002"/>
  <testcase classname="testNGAnnotation_Flag.Flag3" name="method1" time="0.008"/>
  <testcase classname="testNGAnnotation_Flag.Flag3" name="method1" time="0.002"/>
  <testcase classname="testNGAnnotation_Flag.Flag3" name="method1" time="0.001"/>
  <testcase classname="testNGAnnotation_Flag.Flag3" name="method1" time="0.004"/>
  <testcase classname="testNGAnnotation_Flag.Flag3" name="method1" time="0.003"/>
  <testcase classname="testNGAnnotation_Flag.Flag3" name="method1" time="0.002"/>
  <testcase classname="testNGAnnotation_Flag.Flag3" name="method1" time="0.001"/>
  <testcase classname="testNGAnnotation_Flag.Flag3" name="method1" time="0.003"/>
  <testcase classname="testNGAnnotation_Flag.Flag3" name="method1" time="0.002"/>
  <testcase classname="testNGAnnotation_Flag.Flag3" name="method1" time="0.002"/>
  <testcase classname="testNGAnnotation_Flag.Flag3" name="method1" time="0.002"/>
  <testcase classname="testNGAnnotation_Flag.Flag3" name="method1" time="0.003"/>
  <testcase classname="testNGAnnotation_Flag.Flag3" name="method1" time="0.002"/>
  <testcase classname="testNGAnnotation_Flag.Flag3" name="method1" time="0.002"/>
  <testcase classname="testNGAnnotation_Flag.Flag3" name="method1" time="0.002"/>
  <testcase classname="testNGAnnotation_Flag.Flag3" name="method1" time="0.001"/>
  <testcase classname="testNGAnnotation_Flag.Flag3" name="method1" time="0.002"/>
  <testcase classname="testNGAnnotation_Flag.Flag3" name="method1" time="0.002"/>
  <testcase classname="testNGAnnotation_Flag.Flag3" name="method1" time="0.002"/>
  <testcase classname="testNGAnnotation_Flag.Flag3" name="method1" time="0.002"/>
  <testcase classname="testNGAnnotation_Flag.Flag3" name="method1" time="0.002"/>
  <testcase classname="testNGAnnotation_Flag.Flag3" name="method1" time="0.002"/>
  <testcase classname="testNGAnnotation_Flag.Flag3" name="method1" time="0.002"/>
  <testcase classname="testNGAnnotation_Flag.Flag3" name="method1" time="0.002"/>
  <testcase classname="testNGAnnotation_Flag.Flag3" name="method1" time="0.003"/>
  <testcase classname="testNGAnnotation_Flag.Flag3" name="method1" time="0.002"/>
  <testcase classname="testNGAnnotation_Flag.Flag3" name="method1" time="0.001"/>
  <testcase classname="testNGAnnotation_Flag.Flag3" name="method1" time="0.001"/>
  <testcase classname="testNGAnnotation_Flag.Flag3" name="method1" time="0.001"/>
  <testcase classname="testNGAnnotation_Flag.Flag3" name="method1" time="0.001"/>
  <testcase classname="testNGAnnotation_Flag.Flag3" name="method1" time="0.002"/>
  <testcase classname="testNGAnnotation_Flag.Flag3" name="method1" time="0.004"/>
  <testcase classname="testNGAnnotation_Flag.Flag3" name="method1" time="0.004"/>
  <testcase classname="testNGAnnotation_Flag.Flag3" name="method1" time="0.003"/>
  <testcase classname="testNGAnnotation_Flag.Flag3" name="method1" time="0.029"/>
  <testcase classname="testNGAnnotation_Flag.Flag3" name="method1" time="0.002"/>
  <testcase classname="testNGAnnotation_Flag.Flag3" name="method1" time="0.002"/>
  <testcase classname="testNGAnnotation_Flag.Flag3" name="method1" time="0.002"/>
  <testcase classname="testNGAnnotation_Flag.Flag3" name="method1" time="0.002"/>
  <testcase classname="testNGAnnotation_Flag.Flag3" name="method1" time="0.002"/>
  <testcase classname="testNGAnnotation_Flag.Flag3" name="method1" time="0.002"/>
  <testcase classname="testNGAnnotation_Flag.Flag3" name="method1" time="0.003"/>
  <testcase classname="testNGAnnotation_Flag.Flag3" name="method1" time="0.006"/>
  <testcase classname="testNGAnnotation_Flag.Flag3" name="method1" time="0.003"/>
  <testcase classname="testNGAnnotation_Flag.Flag3" name="method1" time="0.001"/>
  <testcase classname="testNGAnnotation_Flag.Flag3" name="method1" time="0.002"/>
  <testcase classname="testNGAnnotation_Flag.Flag3" name="method1" time="0.001"/>
  <testcase classname="testNGAnnotation_Flag.Flag3" name="method1" time="0.001"/>
  <testcase classname="testNGAnnotation_Flag.Flag3" name="method1" time="0.002"/>
  <testcase classname="testNGAnnotation_Flag.Flag3" name="method1" time="0.007"/>
  <testcase classname="testNGAnnotation_Flag.Flag3" name="method1" time="0.002"/>
  <testcase classname="testNGAnnotation_Flag.Flag3" name="method1" time="0.003"/>
  <testcase classname="testNGAnnotation_Flag.Flag3" name="method1" time="0.004"/>
  <testcase classname="testNGAnnotation_Flag.Flag3" name="method1" time="0.023"/>
  <testcase classname="testNGAnnotation_Flag.Flag3" name="method1" time="0.008"/>
  <testcase classname="testNGAnnotation_Flag.Flag3" name="method1" time="0.002"/>
  <testcase classname="testNGAnnotation_Flag.Flag3" name="method1" time="0.003"/>
  <testcase classname="testNGAnnotation_Flag.Flag3" name="method1" time="0.002"/>
  <testcase classname="testNGAnnotation_Flag.Flag3" name="method1" time="0.003"/>
  <testcase classname="testNGAnnotation_Flag.Flag3" name="method1" time="0.001"/>
  <testcase classname="testNGAnnotation_Flag.Flag3" name="method1" time="0.008"/>
  <testcase classname="testNGAnnotation_Flag.Flag3" name="method1" time="0.002"/>
  <testcase classname="testNGAnnotation_Flag.Flag3" name="method1" time="0.012"/>
  <testcase classname="testNGAnnotation_Flag.Flag3" name="method1" time="0.01"/>
  <testcase classname="testNGAnnotation_Flag.Flag3" name="method1" time="0.008"/>
  <testcase classname="testNGAnnotation_Flag.Flag3" name="method1" time="0.008"/>
  <testcase classname="testNGAnnotation_Flag.Flag3" name="method1" time="0.009"/>
  <testcase classname="testNGAnnotation_Flag.Flag3" name="method1" time="0.009"/>
  <testcase classname="testNGAnnotation_Flag.Flag3" name="method1" time="0.01"/>
  <testcase classname="testNGAnnotation_Flag.Flag3" name="method1" time="0.012"/>
  <testcase classname="testNGAnnotation_Flag.Flag3" name="method1" time="0.01"/>
  <testcase classname="testNGAnnotation_Flag.Flag3" name="method1" time="0.009"/>
  <testcase classname="testNGAnnotation_Flag.Flag3" name="method1" time="0.009"/>
  <testcase classname="testNGAnnotation_Flag.Flag3" name="method1" time="0.011"/>
  <testcase classname="testNGAnnotation_Flag.Flag3" name="method1" time="0.016"/>
  <testcase classname="testNGAnnotation_Flag.Flag3" name="method1" time="0.009"/>
  <testcase classname="testNGAnnotation_Flag.Flag3" name="method1" time="0.005"/>
  <testcase classname="testNGAnnotation_Flag.Flag3" name="method1" time="0.003"/>
  <testcase classname="testNGAnnotation_Flag.Flag3" name="method1" time="0.001"/>
  <testcase classname="testNGAnnotation_Flag.Flag3" name="method1" time="0.005"/>
  <testcase classname="testNGAnnotation_Flag.Flag3" name="method1" time="0.004"/>
  <testcase classname="testNGAnnotation_Flag.Flag3" name="method1" time="0.004"/>
  <testcase classname="testNGAnnotation_Flag.Flag3" name="method1" time="0.003"/>
  <testcase classname="testNGAnnotation_Flag.Flag3" name="method1" time="0.008"/>
  <testcase classname="testNGAnnotation_Flag.Flag3" name="method1" time="0.002"/>
  <testcase classname="testNGAnnotation_Flag.Flag3" name="method1" time="0.004"/>
  <testcase classname="testNGAnnotation_Flag.Flag3" name="method1" time="0.038"/>
  <testcase classname="testNGAnnotation_Flag.Flag3" name="method1" time="0.004"/>
  <testcase classname="testNGAnnotation_Flag.Flag3" name="method1" time="0.001"/>
  <testcase classname="testNGAnnotation_Flag.Flag3" name="method1" time="0.001"/>
  <testcase classname="testNGAnnotation_Flag.Flag3" name="method1" time="0.008"/>
  <testcase classname="testNGAnnotation_Flag.Flag3" name="method1" time="0.001"/>
  <testcase classname="testNGAnnotation_Flag.Flag3" name="method1" time="0.005"/>
  <testcase classname="testNGAnnotation_Flag.Flag3" name="method1" time="0.003"/>
  <testcase classname="testNGAnnotation_Flag.Flag3" name="method1" time="0.002"/>
  <testcase classname="testNGAnnotation_Flag.Flag3" name="method1" time="0.004"/>
  <testcase classname="testNGAnnotation_Flag.Flag3" name="method1" time="0.026"/>
  <testcase classname="testNGAnnotation_Flag.Flag3" name="method1" time="0.003"/>
  <testcase classname="testNGAnnotation_Flag.Flag3" name="method1" time="0.004"/>
  <testcase classname="testNGAnnotation_Flag.Flag3" name="method1" time="0.005"/>
  <testcase classname="testNGAnnotation_Flag.Flag3" name="method1" time="0.001"/>
  <testcase classname="testNGAnnotation_Flag.Flag3" name="method1" time="0.001"/>
  <testcase classname="testNGAnnotation_Flag.Flag3" name="method1" time="0.001"/>
  <testcase classname="testNGAnnotation_Flag.Flag3" name="method1" time="0.001"/>
  <testcase classname="testNGAnnotation_Flag.Flag3" name="method1" time="0.001"/>
  <testcase classname="testNGAnnotation_Flag.Flag3" name="method1" time="0.001"/>
  <testcase classname="testNGAnnotation_Flag.Flag3" name="method1" time="0.025"/>
  <testcase classname="testNGAnnotation_Flag.Flag3" name="method1" time="0.002"/>
  <testcase classname="testNGAnnotation_Flag.Flag3" name="method1" time="0.002"/>
  <testcase classname="testNGAnnotation_Flag.Flag3" name="method1" time="0.001"/>
  <testcase classname="testNGAnnotation_Flag.Flag3" name="method1" time="0.001"/>
  <testcase classname="testNGAnnotation_Flag.Flag3" name="method1" time="0.002"/>
  <testcase classname="testNGAnnotation_Flag.Flag3" name="method1" time="0.002"/>
  <testcase classname="testNGAnnotation_Flag.Flag3" name="method1" time="0.001"/>
  <testcase classname="testNGAnnotation_Flag.Flag3" name="method1" time="0.003"/>
  <testcase classname="testNGAnnotation_Flag.Flag3" name="method1" time="0.001"/>
  <testcase classname="testNGAnnotation_Flag.Flag3" name="method1" time="0.001"/>
  <testcase classname="testNGAnnotation_Flag.Flag3" name="method1" time="0.001"/>
  <testcase classname="testNGAnnotation_Flag.Flag3" name="method1" time="0.001"/>
  <testcase classname="testNGAnnotation_Flag.Flag3" name="method1" time="0.001"/>
  <testcase classname="testNGAnnotation_Flag.Flag3" name="method1" time="0.002"/>
  <testcase classname="testNGAnnotation_Flag.Flag3" name="method1" time="0.002"/>
  <testcase classname="testNGAnnotation_Flag.Flag3" name="method1" time="0.001"/>
  <testcase classname="testNGAnnotation_Flag.Flag3" name="method1" time="0.001"/>
  <testcase classname="testNGAnnotation_Flag.Flag3" name="method1" time="0.001"/>
  <testcase classname="testNGAnnotation_Flag.Flag3" name="method1" time="0.002"/>
  <testcase classname="testNGAnnotation_Flag.Flag3" name="method1" time="0.004"/>
  <testcase classname="testNGAnnotation_Flag.Flag3" name="method1" time="0.001"/>
  <testcase classname="testNGAnnotation_Flag.Flag3" name="method1" time="0.001"/>
  <testcase classname="testNGAnnotation_Flag.Flag3" name="method1" time="0.001"/>
  <testcase classname="testNGAnnotation_Flag.Flag3" name="method1" time="0.001"/>
  <testcase classname="testNGAnnotation_Flag.Flag3" name="method1" time="0.002"/>
  <testcase classname="testNGAnnotation_Flag.Flag3" name="method1" time="0.001"/>
  <testcase classname="testNGAnnotation_Flag.Flag3" name="method1" time="0.001"/>
  <testcase classname="testNGAnnotation_Flag.Flag3" name="method1" time="0.001"/>
  <testcase classname="testNGAnnotation_Flag.Flag3" name="method1" time="0.001"/>
  <testcase classname="testNGAnnotation_Flag.Flag3" name="method1" time="0.001"/>
  <testcase classname="testNGAnnotation_Flag.Flag3" name="method1" time="0.001"/>
  <testcase classname="testNGAnnotation_Flag.Flag3" name="method1" time="0.002"/>
  <testcase classname="testNGAnnotation_Flag.Flag3" name="method1" time="0.012"/>
  <testcase classname="testNGAnnotation_Flag.Flag3" name="method1" time="0.014"/>
  <testcase classname="testNGAnnotation_Flag.Flag3" name="method1" time="0.008"/>
  <testcase classname="testNGAnnotation_Flag.Flag3" name="method1" time="0.015"/>
  <testcase classname="testNGAnnotation_Flag.Flag3" name="method1" time="0.011"/>
  <testcase classname="testNGAnnotation_Flag.Flag3" name="method1" time="0.007"/>
  <testcase classname="testNGAnnotation_Flag.Flag3" name="method1" time="0.017"/>
  <testcase classname="testNGAnnotation_Flag.Flag3" name="method1" time="0.009"/>
  <testcase classname="testNGAnnotation_Flag.Flag3" name="method1" time="0.013"/>
  <testcase classname="testNGAnnotation_Flag.Flag3" name="method1" time="0.007"/>
  <testcase classname="testNGAnnotation_Flag.Flag3" name="method1" time="0.017"/>
  <testcase classname="testNGAnnotation_Flag.Flag3" name="method1" time="0.008"/>
  <testcase classname="testNGAnnotation_Flag.Flag3" name="method1" time="0.001"/>
  <testcase classname="testNGAnnotation_Flag.Flag3" name="method1" time="0.002"/>
  <testcase classname="testNGAnnotation_Flag.Flag3" name="method1" time="0.021"/>
  <testcase classname="testNGAnnotation_Flag.Flag3" name="method1" time="0.006"/>
  <testcase classname="testNGAnnotation_Flag.Flag3" name="method1" time="0.005"/>
  <testcase classname="testNGAnnotation_Flag.Flag3" name="method1" time="0.002"/>
  <testcase classname="testNGAnnotation_Flag.Flag3" name="method1" time="0.001"/>
  <testcase classname="testNGAnnotation_Flag.Flag3" name="method1" time="0.001"/>
  <testcase classname="testNGAnnotation_Flag.Flag3" name="method1" time="0.003"/>
  <testcase classname="testNGAnnotation_Flag.Flag3" name="method1" time="0.001"/>
  <testcase classname="testNGAnnotation_Flag.Flag3" name="method1" time="0.028"/>
  <testcase classname="testNGAnnotation_Flag.Flag3" name="method1" time="0.003"/>
  <testcase classname="testNGAnnotation_Flag.Flag3" name="method1" time="0.002"/>
  <testcase classname="testNGAnnotation_Flag.Flag3" name="method1" time="0.014"/>
  <testcase classname="testNGAnnotation_Flag.Flag3" name="method1" time="0.016"/>
  <testcase classname="testNGAnnotation_Flag.Flag3" name="method1" time="0.004"/>
  <testcase classname="testNGAnnotation_Flag.Flag3" name="method1" time="0.001"/>
  <testcase classname="testNGAnnotation_Flag.Flag3" name="method1" time="0.001"/>
  <testcase classname="testNGAnnotation_Flag.Flag3" name="method1" time="0.002"/>
  <testcase classname="testNGAnnotation_Flag.Flag3" name="method1" time="0.001"/>
  <testcase classname="testNGAnnotation_Flag.Flag3" name="method1" time="0.001"/>
  <testcase classname="testNGAnnotation_Flag.Flag3" name="method1" time="0.001"/>
  <testcase classname="testNGAnnotation_Flag.Flag3" name="method1" time="0.001"/>
  <testcase classname="testNGAnnotation_Flag.Flag3" name="method1" time="0.001"/>
  <testcase classname="testNGAnnotation_Flag.Flag3" name="method1" time="0.002"/>
  <testcase classname="testNGAnnotation_Flag.Flag3" name="method1" time="0.001"/>
  <testcase classname="testNGAnnotation_Flag.Flag3" name="method1" time="0.003"/>
  <testcase classname="testNGAnnotation_Flag.Flag3" name="method1" time="0.001"/>
  <testcase classname="testNGAnnotation_Flag.Flag3" name="method1" time="0.001"/>
  <testcase classname="testNGAnnotation_Flag.Flag3" name="method1" time="0.074"/>
  <testcase classname="testNGAnnotation_Flag.Flag3" name="method1" time="0.032"/>
  <testcase classname="testNGAnnotation_Flag.Flag3" name="method1" time="0.002"/>
  <testcase classname="testNGAnnotation_Flag.Flag3" name="method1" time="0.001"/>
  <testcase classname="testNGAnnotation_Flag.Flag3" name="method1" time="0.004"/>
  <testcase classname="testNGAnnotation_Flag.Flag3" name="method1" time="0.001"/>
  <testcase classname="testNGAnnotation_Flag.Flag3" name="method1" time="0.001"/>
  <testcase classname="testNGAnnotation_Flag.Flag3" name="method1" time="0.002"/>
  <testcase classname="testNGAnnotation_Flag.Flag3" name="method1" time="0.001"/>
  <testcase classname="testNGAnnotation_Flag.Flag3" name="method1" time="0.001"/>
  <testcase classname="testNGAnnotation_Flag.Flag3" name="method1" time="0.0"/>
  <testcase classname="testNGAnnotation_Flag.Flag3" name="method1" time="0.001"/>
  <testcase classname="testNGAnnotation_Flag.Flag3" name="method1" time="0.001"/>
  <testcase classname="testNGAnnotation_Flag.Flag3" name="method1" time="0.001"/>
  <testcase classname="testNGAnnotation_Flag.Flag3" name="method1" time="0.003"/>
  <testcase classname="testNGAnnotation_Flag.Flag3" name="method1" time="0.001"/>
  <testcase classname="testNGAnnotation_Flag.Flag3" name="method1" time="0.001"/>
  <testcase classname="testNGAnnotation_Flag.Flag3" name="method1" time="0.002"/>
  <testcase classname="testNGAnnotation_Flag.Flag3" name="method1" time="0.001"/>
  <testcase classname="testNGAnnotation_Flag.Flag3" name="method1" time="0.001"/>
  <testcase classname="testNGAnnotation_Flag.Flag3" name="method1" time="0.001"/>
  <testcase classname="testNGAnnotation_Flag.Flag3" name="method1" time="0.001"/>
  <testcase classname="testNGAnnotation_Flag.Flag3" name="method1" time="0.001"/>
  <testcase classname="testNGAnnotation_Flag.Flag3" name="method1" time="0.002"/>
  <testcase classname="testNGAnnotation_Flag.Flag3" name="method1" time="0.001"/>
  <testcase classname="testNGAnnotation_Flag.Flag3" name="method1" time="0.002"/>
  <testcase classname="testNGAnnotation_Flag.Flag3" name="method1" time="0.001"/>
  <testcase classname="testNGAnnotation_Flag.Flag3" name="method1" time="0.002"/>
  <testcase classname="testNGAnnotation_Flag.Flag3" name="method1" time="0.001"/>
  <testcase classname="testNGAnnotation_Flag.Flag3" name="method1" time="0.001"/>
  <testcase classname="testNGAnnotation_Flag.Flag3" name="method1" time="0.002"/>
  <testcase classname="testNGAnnotation_Flag.Flag3" name="method1" time="0.002"/>
  <testcase classname="testNGAnnotation_Flag.Flag3" name="method1" time="0.001"/>
  <testcase classname="testNGAnnotation_Flag.Flag3" name="method1" time="0.003"/>
  <testcase classname="testNGAnnotation_Flag.Flag3" name="method1" time="0.002"/>
  <testcase classname="testNGAnnotation_Flag.Flag3" name="method1" time="0.002"/>
  <testcase classname="testNGAnnotation_Flag.Flag3" name="method1" time="0.002"/>
  <testcase classname="testNGAnnotation_Flag.Flag3" name="method1" time="0.001"/>
  <testcase classname="testNGAnnotation_Flag.Flag3" name="method1" time="0.002"/>
  <testcase classname="testNGAnnotation_Flag.Flag3" name="method1" time="0.002"/>
  <testcase classname="testNGAnnotation_Flag.Flag3" name="method1" time="0.002"/>
  <testcase classname="testNGAnnotation_Flag.Flag3" name="method1" time="0.002"/>
  <testcase classname="testNGAnnotation_Flag.Flag3" name="method1" time="0.001"/>
  <testcase classname="testNGAnnotation_Flag.Flag3" name="method1" time="0.006"/>
  <testcase classname="testNGAnnotation_Flag.Flag3" name="method1" time="0.004"/>
  <testcase classname="testNGAnnotation_Flag.Flag3" name="method1" time="0.018"/>
  <testcase classname="testNGAnnotation_Flag.Flag3" name="method1" time="0.002"/>
  <testcase classname="testNGAnnotation_Flag.Flag3" name="method1" time="0.002"/>
  <testcase classname="testNGAnnotation_Flag.Flag3" name="method1" time="0.002"/>
  <testcase classname="testNGAnnotation_Flag.Flag3" name="method1" time="0.002"/>
  <testcase classname="testNGAnnotation_Flag.Flag3" name="method1" time="0.001"/>
  <testcase classname="testNGAnnotation_Flag.Flag3" name="method1" time="0.001"/>
  <testcase classname="testNGAnnotation_Flag.Flag3" name="method1" time="0.003"/>
  <testcase classname="testNGAnnotation_Flag.Flag3" name="method1" time="0.001"/>
  <testcase classname="testNGAnnotation_Flag.Flag3" name="method1" time="0.002"/>
  <testcase classname="testNGAnnotation_Flag.Flag3" name="method1" time="0.001"/>
  <testcase classname="testNGAnnotation_Flag.Flag3" name="method1" time="0.002"/>
  <testcase classname="testNGAnnotation_Flag.Flag3" name="method1" time="0.001"/>
  <testcase classname="testNGAnnotation_Flag.Flag3" name="method1" time="0.002"/>
  <testcase classname="testNGAnnotation_Flag.Flag3" name="method1" time="0.001"/>
  <testcase classname="testNGAnnotation_Flag.Flag3" name="method1" time="0.001"/>
  <testcase classname="testNGAnnotation_Flag.Flag3" name="method1" time="0.002"/>
  <testcase classname="testNGAnnotation_Flag.Flag3" name="method1" time="0.003"/>
  <testcase classname="testNGAnnotation_Flag.Flag3" name="method1" time="0.001"/>
  <testcase classname="testNGAnnotation_Flag.Flag3" name="method1" time="0.002"/>
  <testcase classname="testNGAnnotation_Flag.Flag3" name="method1" time="0.001"/>
  <testcase classname="testNGAnnotation_Flag.Flag3" name="method1" time="0.002"/>
  <testcase classname="testNGAnnotation_Flag.Flag3" name="method1" time="0.002"/>
  <testcase classname="testNGAnnotation_Flag.Flag3" name="method1" time="0.001"/>
  <testcase classname="testNGAnnotation_Flag.Flag3" name="method1" time="0.002"/>
  <testcase classname="testNGAnnotation_Flag.Flag3" name="method1" time="0.001"/>
  <testcase classname="testNGAnnotation_Flag.Flag3" name="method1" time="0.001"/>
  <testcase classname="testNGAnnotation_Flag.Flag3" name="method1" time="0.001"/>
  <testcase classname="testNGAnnotation_Flag.Flag3" name="method1" time="0.002"/>
  <testcase classname="testNGAnnotation_Flag.Flag3" name="method1" time="0.001"/>
  <testcase classname="testNGAnnotation_Flag.Flag3" name="method1" time="0.001"/>
  <testcase classname="testNGAnnotation_Flag.Flag3" name="method1" time="0.001"/>
  <testcase classname="testNGAnnotation_Flag.Flag3" name="method1" time="0.002"/>
  <testcase classname="testNGAnnotation_Flag.Flag3" name="method1" time="0.0"/>
  <testcase classname="testNGAnnotation_Flag.Flag3" name="method1" time="0.001"/>
  <testcase classname="testNGAnnotation_Flag.Flag3" name="method1" time="0.003"/>
  <testcase classname="testNGAnnotation_Flag.Flag3" name="method1" time="0.001"/>
  <testcase classname="testNGAnnotation_Flag.Flag3" name="method1" time="0.001"/>
  <testcase classname="testNGAnnotation_Flag.Flag3" name="method1" time="0.001"/>
  <testcase classname="testNGAnnotation_Flag.Flag3" name="method1" time="0.001"/>
  <testcase classname="testNGAnnotation_Flag.Flag3" name="method1" time="0.0"/>
  <testcase classname="testNGAnnotation_Flag.Flag3" name="method1" time="0.0"/>
  <testcase classname="testNGAnnotation_Flag.Flag3" name="method1" time="0.004"/>
  <testcase classname="testNGAnnotation_Flag.Flag3" name="method1" time="0.003"/>
  <testcase classname="testNGAnnotation_Flag.Flag3" name="method1" time="0.003"/>
  <testcase classname="testNGAnnotation_Flag.Flag3" name="method1" time="0.001"/>
  <testcase classname="testNGAnnotation_Flag.Flag3" name="method1" time="0.001"/>
  <testcase classname="testNGAnnotation_Flag.Flag3" name="method1" time="0.001"/>
  <testcase classname="testNGAnnotation_Flag.Flag3" name="method1" time="0.001"/>
  <testcase classname="testNGAnnotation_Flag.Flag3" name="method1" time="0.002"/>
  <testcase classname="testNGAnnotation_Flag.Flag3" name="method1" time="0.001"/>
  <testcase classname="testNGAnnotation_Flag.Flag3" name="method1" time="0.0"/>
  <testcase classname="testNGAnnotation_Flag.Flag3" name="method1" time="0.001"/>
  <testcase classname="testNGAnnotation_Flag.Flag3" name="method1" time="0.004"/>
  <testcase classname="testNGAnnotation_Flag.Flag3" name="method1" time="0.0"/>
  <testcase classname="testNGAnnotation_Flag.Flag3" name="method1" time="0.0"/>
  <testcase classname="testNGAnnotation_Flag.Flag3" name="method1" time="0.0"/>
  <testcase classname="testNGAnnotation_Flag.Flag3" name="method1" time="0.0"/>
  <testcase classname="testNGAnnotation_Flag.Flag3" name="method1" time="0.001"/>
  <testcase classname="testNGAnnotation_Flag.Flag3" name="method1" time="0.001"/>
  <testcase classname="testNGAnnotation_Flag.Flag3" name="method1" time="0.001"/>
  <testcase classname="testNGAnnotation_Flag.Flag3" name="method1" time="0.03"/>
  <testcase classname="testNGAnnotation_Flag.Flag3" name="method1" time="0.0"/>
  <testcase classname="testNGAnnotation_Flag.Flag3" name="method1" time="0.002"/>
  <testcase classname="testNGAnnotation_Flag.Flag3" name="method1" time="0.001"/>
  <testcase classname="testNGAnnotation_Flag.Flag3" name="method1" time="0.001"/>
  <testcase classname="testNGAnnotation_Flag.Flag3" name="method1" time="0.001"/>
  <testcase classname="testNGAnnotation_Flag.Flag3" name="method1" time="0.002"/>
  <testcase classname="testNGAnnotation_Flag.Flag3" name="method1" time="0.0"/>
  <testcase classname="testNGAnnotation_Flag.Flag3" name="method1" time="0.001"/>
  <testcase classname="testNGAnnotation_Flag.Flag3" name="method1" time="0.002"/>
  <testcase classname="testNGAnnotation_Flag.Flag3" name="method1" time="0.001"/>
  <testcase classname="testNGAnnotation_Flag.Flag3" name="method1" time="0.001"/>
  <testcase classname="testNGAnnotation_Flag.Flag3" name="method1" time="0.001"/>
  <testcase classname="testNGAnnotation_Flag.Flag3" name="method1" time="0.001"/>
  <testcase classname="testNGAnnotation_Flag.Flag3" name="method1" time="0.001"/>
  <testcase classname="testNGAnnotation_Flag.Flag3" name="method1" time="0.002"/>
  <testcase classname="testNGAnnotation_Flag.Flag3" name="method1" time="0.001"/>
  <testcase classname="testNGAnnotation_Flag.Flag3" name="method1" time="0.08"/>
  <testcase classname="testNGAnnotation_Flag.Flag3" name="method1" time="0.002"/>
  <testcase classname="testNGAnnotation_Flag.Flag3" name="method1" time="0.002"/>
  <testcase classname="testNGAnnotation_Flag.Flag3" name="method1" time="0.001"/>
  <testcase classname="testNGAnnotation_Flag.Flag3" name="method1" time="0.001"/>
  <testcase classname="testNGAnnotation_Flag.Flag3" name="method1" time="0.002"/>
  <testcase classname="testNGAnnotation_Flag.Flag3" name="method1" time="0.002"/>
  <testcase classname="testNGAnnotation_Flag.Flag3" name="method1" time="0.001"/>
  <testcase classname="testNGAnnotation_Flag.Flag3" name="method1" time="0.001"/>
  <testcase classname="testNGAnnotation_Flag.Flag3" name="method1" time="0.002"/>
  <testcase classname="testNGAnnotation_Flag.Flag3" name="method1" time="0.001"/>
  <testcase classname="testNGAnnotation_Flag.Flag3" name="method1" time="0.002"/>
  <testcase classname="testNGAnnotation_Flag.Flag3" name="method1" time="0.001"/>
  <testcase classname="testNGAnnotation_Flag.Flag3" name="method1" time="0.004"/>
  <testcase classname="testNGAnnotation_Flag.Flag3" name="method1" time="0.001"/>
  <testcase classname="testNGAnnotation_Flag.Flag3" name="method1" time="0.004"/>
  <testcase classname="testNGAnnotation_Flag.Flag3" name="method1" time="0.002"/>
  <testcase classname="testNGAnnotation_Flag.Flag3" name="method1" time="0.002"/>
  <testcase classname="testNGAnnotation_Flag.Flag3" name="method1" time="0.002"/>
  <testcase classname="testNGAnnotation_Flag.Flag3" name="method1" time="0.002"/>
  <testcase classname="testNGAnnotation_Flag.Flag3" name="method1" time="0.001"/>
  <testcase classname="testNGAnnotation_Flag.Flag3" name="method1" time="0.002"/>
  <testcase classname="testNGAnnotation_Flag.Flag3" name="method1" time="0.001"/>
  <testcase classname="testNGAnnotation_Flag.Flag3" name="method1" time="0.001"/>
  <testcase classname="testNGAnnotation_Flag.Flag3" name="method1" time="0.001"/>
  <testcase classname="testNGAnnotation_Flag.Flag3" name="method1" time="0.002"/>
  <testcase classname="testNGAnnotation_Flag.Flag3" name="method1" time="0.001"/>
  <testcase classname="testNGAnnotation_Flag.Flag3" name="method1" time="0.002"/>
  <testcase classname="testNGAnnotation_Flag.Flag3" name="method1" time="0.001"/>
  <testcase classname="testNGAnnotation_Flag.Flag3" name="method1" time="0.003"/>
  <testcase classname="testNGAnnotation_Flag.Flag3" name="method1" time="0.001"/>
  <testcase classname="testNGAnnotation_Flag.Flag3" name="method1" time="0.001"/>
  <testcase classname="testNGAnnotation_Flag.Flag3" name="method1" time="0.001"/>
  <testcase classname="testNGAnnotation_Flag.Flag3" name="method1" time="0.0"/>
  <testcase classname="testNGAnnotation_Flag.Flag3" name="method1" time="0.001"/>
  <testcase classname="testNGAnnotation_Flag.Flag3" name="method1" time="0.001"/>
  <testcase classname="testNGAnnotation_Flag.Flag3" name="method1" time="0.0"/>
  <testcase classname="testNGAnnotation_Flag.Flag3" name="method1" time="0.0"/>
  <testcase classname="testNGAnnotation_Flag.Flag3" name="method1" time="0.001"/>
  <testcase classname="testNGAnnotation_Flag.Flag3" name="method1" time="0.001"/>
  <testcase classname="testNGAnnotation_Flag.Flag3" name="method1" time="0.002"/>
  <testcase classname="testNGAnnotation_Flag.Flag3" name="method1" time="0.001"/>
  <testcase classname="testNGAnnotation_Flag.Flag3" name="method1" time="0.001"/>
  <testcase classname="testNGAnnotation_Flag.Flag3" name="method1" time="0.004"/>
  <testcase classname="testNGAnnotation_Flag.Flag3" name="method1" time="0.001"/>
  <testcase classname="testNGAnnotation_Flag.Flag3" name="method1" time="0.0"/>
  <testcase classname="testNGAnnotation_Flag.Flag3" name="method1" time="0.001"/>
  <testcase classname="testNGAnnotation_Flag.Flag3" name="method1" time="0.001"/>
  <testcase classname="testNGAnnotation_Flag.Flag3" name="method1" time="0.002"/>
  <testcase classname="testNGAnnotation_Flag.Flag3" name="method1" time="0.004"/>
  <testcase classname="testNGAnnotation_Flag.Flag3" name="method1" time="0.001"/>
  <testcase classname="testNGAnnotation_Flag.Flag3" name="method1" time="0.001"/>
  <testcase classname="testNGAnnotation_Flag.Flag3" name="method1" time="0.001"/>
  <testcase classname="testNGAnnotation_Flag.Flag3" name="method1" time="0.0"/>
  <testcase classname="testNGAnnotation_Flag.Flag3" name="method1" time="0.001"/>
  <testcase classname="testNGAnnotation_Flag.Flag3" name="method1" time="0.001"/>
  <testcase classname="testNGAnnotation_Flag.Flag3" name="method1" time="0.0"/>
  <testcase classname="testNGAnnotation_Flag.Flag3" name="method1" time="0.001"/>
  <testcase classname="testNGAnnotation_Flag.Flag3" name="method1" time="0.001"/>
  <testcase classname="testNGAnnotation_Flag.Flag3" name="method1" time="0.001"/>
  <testcase classname="testNGAnnotation_Flag.Flag3" name="method1" time="0.001"/>
  <testcase classname="testNGAnnotation_Flag.Flag3" name="method1" time="0.001"/>
  <testcase classname="testNGAnnotation_Flag.Flag3" name="method1" time="0.0"/>
  <testcase classname="testNGAnnotation_Flag.Flag3" name="method1" time="0.001"/>
  <testcase classname="testNGAnnotation_Flag.Flag3" name="method1" time="0.001"/>
  <testcase classname="testNGAnnotation_Flag.Flag3" name="method1" time="0.0"/>
  <testcase classname="testNGAnnotation_Flag.Flag3" name="method1" time="0.001"/>
  <testcase classname="testNGAnnotation_Flag.Flag3" name="method1" time="0.007"/>
  <testcase classname="testNGAnnotation_Flag.Flag3" name="method1" time="0.001"/>
  <testcase classname="testNGAnnotation_Flag.Flag3" name="method1" time="0.001"/>
  <testcase classname="testNGAnnotation_Flag.Flag3" name="method1" time="0.001"/>
  <testcase classname="testNGAnnotation_Flag.Flag3" name="method1" time="0.001"/>
  <testcase classname="testNGAnnotation_Flag.Flag3" name="method1" time="0.001"/>
  <testcase classname="testNGAnnotation_Flag.Flag3" name="method1" time="0.001"/>
  <testcase classname="testNGAnnotation_Flag.Flag3" name="method1" time="0.003"/>
  <testcase classname="testNGAnnotation_Flag.Flag3" name="method1" time="0.001"/>
  <testcase classname="testNGAnnotation_Flag.Flag3" name="method1" time="0.0"/>
  <testcase classname="testNGAnnotation_Flag.Flag3" name="method1" time="0.001"/>
  <testcase classname="testNGAnnotation_Flag.Flag3" name="method1" time="0.0"/>
  <testcase classname="testNGAnnotation_Flag.Flag3" name="method1" time="0.001"/>
  <testcase classname="testNGAnnotation_Flag.Flag3" name="method1" time="0.001"/>
  <testcase classname="testNGAnnotation_Flag.Flag3" name="method1" time="0.001"/>
  <testcase classname="testNGAnnotation_Flag.Flag3" name="method1" time="0.001"/>
  <testcase classname="testNGAnnotation_Flag.Flag3" name="method1" time="0.001"/>
  <testcase classname="testNGAnnotation_Flag.Flag3" name="method1" time="0.001"/>
  <testcase classname="testNGAnnotation_Flag.Flag3" name="method1" time="0.001"/>
  <testcase classname="testNGAnnotation_Flag.Flag3" name="method1" time="0.0"/>
  <testcase classname="testNGAnnotation_Flag.Flag3" name="method1" time="0.001"/>
  <testcase classname="testNGAnnotation_Flag.Flag3" name="method1" time="0.003"/>
  <testcase classname="testNGAnnotation_Flag.Flag3" name="method1" time="0.001"/>
  <testcase classname="testNGAnnotation_Flag.Flag3" name="method1" time="0.003"/>
  <testcase classname="testNGAnnotation_Flag.Flag3" name="method1" time="0.001"/>
  <testcase classname="testNGAnnotation_Flag.Flag3" name="method1" time="0.002"/>
  <testcase classname="testNGAnnotation_Flag.Flag3" name="method1" time="0.001"/>
  <testcase classname="testNGAnnotation_Flag.Flag3" name="method1" time="0.001"/>
  <testcase classname="testNGAnnotation_Flag.Flag3" name="method1" time="0.003"/>
  <testcase classname="testNGAnnotation_Flag.Flag3" name="method1" time="0.004"/>
  <testcase classname="testNGAnnotation_Flag.Flag3" name="method1" time="0.001"/>
  <testcase classname="testNGAnnotation_Flag.Flag3" name="method1" time="0.001"/>
  <testcase classname="testNGAnnotation_Flag.Flag3" name="method1" time="0.001"/>
  <testcase classname="testNGAnnotation_Flag.Flag3" name="method1" time="0.001"/>
  <testcase classname="testNGAnnotation_Flag.Flag3" name="method1" time="0.001"/>
  <testcase classname="testNGAnnotation_Flag.Flag3" name="method1" time="0.002"/>
  <testcase classname="testNGAnnotation_Flag.Flag3" name="method1" time="0.007"/>
  <testcase classname="testNGAnnotation_Flag.Flag3" name="method1" time="0.001"/>
  <testcase classname="testNGAnnotation_Flag.Flag3" name="method1" time="0.001"/>
  <testcase classname="testNGAnnotation_Flag.Flag3" name="method1" time="0.004"/>
  <testcase classname="testNGAnnotation_Flag.Flag3" name="method1" time="0.001"/>
  <testcase classname="testNGAnnotation_Flag.Flag3" name="method1" time="0.002"/>
  <testcase classname="testNGAnnotation_Flag.Flag3" name="method1" time="0.025"/>
  <testcase classname="testNGAnnotation_Flag.Flag3" name="method1" time="0.001"/>
  <testcase classname="testNGAnnotation_Flag.Flag3" name="method1" time="0.028"/>
  <testcase classname="testNGAnnotation_Flag.Flag3" name="method1" time="0.001"/>
  <testcase classname="testNGAnnotation_Flag.Flag3" name="method1" time="0.002"/>
  <testcase classname="testNGAnnotation_Flag.Flag3" name="method1" time="0.008"/>
  <testcase classname="testNGAnnotation_Flag.Flag3" name="method1" time="0.004"/>
  <testcase classname="testNGAnnotation_Flag.Flag3" name="method1" time="0.002"/>
  <testcase classname="testNGAnnotation_Flag.Flag3" name="method1" time="0.001"/>
  <testcase classname="testNGAnnotation_Flag.Flag3" name="method1" time="0.001"/>
  <testcase classname="testNGAnnotation_Flag.Flag3" name="method1" time="0.001"/>
  <testcase classname="testNGAnnotation_Flag.Flag3" name="method1" time="0.005"/>
  <testcase classname="testNGAnnotation_Flag.Flag3" name="method1" time="0.001"/>
  <testcase classname="testNGAnnotation_Flag.Flag3" name="method1" time="0.001"/>
  <testcase classname="testNGAnnotation_Flag.Flag3" name="method1" time="0.001"/>
  <testcase classname="testNGAnnotation_Flag.Flag3" name="method1" time="0.001"/>
  <testcase classname="testNGAnnotation_Flag.Flag3" name="method1" time="0.001"/>
  <testcase classname="testNGAnnotation_Flag.Flag3" name="method1" time="0.029"/>
  <testcase classname="testNGAnnotation_Flag.Flag3" name="method1" time="0.0"/>
  <testcase classname="testNGAnnotation_Flag.Flag3" name="method1" time="0.004"/>
  <testcase classname="testNGAnnotation_Flag.Flag3" name="method1" time="0.001"/>
  <testcase classname="testNGAnnotation_Flag.Flag3" name="method1" time="0.001"/>
  <testcase classname="testNGAnnotation_Flag.Flag3" name="method1" time="0.001"/>
  <testcase classname="testNGAnnotation_Flag.Flag3" name="method1" time="0.002"/>
  <testcase classname="testNGAnnotation_Flag.Flag3" name="method1" time="0.004"/>
  <testcase classname="testNGAnnotation_Flag.Flag3" name="method1" time="0.001"/>
  <testcase classname="testNGAnnotation_Flag.Flag3" name="method1" time="0.002"/>
  <testcase classname="testNGAnnotation_Flag.Flag3" name="method1" time="0.019"/>
  <testcase classname="testNGAnnotation_Flag.Flag3" name="method1" time="0.001"/>
  <testcase classname="testNGAnnotation_Flag.Flag3" name="method1" time="0.005"/>
  <testcase classname="testNGAnnotation_Flag.Flag3" name="method1" time="0.001"/>
  <testcase classname="testNGAnnotation_Flag.Flag3" name="method1" time="0.001"/>
  <testcase classname="testNGAnnotation_Flag.Flag3" name="method1" time="0.001"/>
  <testcase classname="testNGAnnotation_Flag.Flag3" name="method1" time="0.001"/>
  <testcase classname="testNGAnnotation_Flag.Flag3" name="method1" time="0.002"/>
  <testcase classname="testNGAnnotation_Flag.Flag3" name="method1" time="0.001"/>
  <testcase classname="testNGAnnotation_Flag.Flag3" name="method1" time="0.0"/>
  <testcase classname="testNGAnnotation_Flag.Flag3" name="method1" time="0.001"/>
  <testcase classname="testNGAnnotation_Flag.Flag3" name="method1" time="0.006"/>
  <testcase classname="testNGAnnotation_Flag.Flag3" name="method1" time="0.001"/>
  <testcase classname="testNGAnnotation_Flag.Flag3" name="method1" time="0.001"/>
  <testcase classname="testNGAnnotation_Flag.Flag3" name="method1" time="0.001"/>
  <testcase classname="testNGAnnotation_Flag.Flag3" name="method1" time="0.003"/>
  <testcase classname="testNGAnnotation_Flag.Flag3" name="method1" time="0.004"/>
  <testcase classname="testNGAnnotation_Flag.Flag3" name="method1" time="0.011"/>
  <testcase classname="testNGAnnotation_Flag.Flag3" name="method1" time="0.001"/>
  <testcase classname="testNGAnnotation_Flag.Flag3" name="method1" time="0.0"/>
  <testcase classname="testNGAnnotation_Flag.Flag3" name="method1" time="0.005"/>
  <testcase classname="testNGAnnotation_Flag.Flag3" name="method1" time="0.001"/>
  <testcase classname="testNGAnnotation_Flag.Flag3" name="method1" time="0.004"/>
  <testcase classname="testNGAnnotation_Flag.Flag3" name="method1" time="0.001"/>
  <testcase classname="testNGAnnotation_Flag.Flag3" name="method1" time="0.001"/>
  <testcase classname="testNGAnnotation_Flag.Flag3" name="method1" time="0.001"/>
  <testcase classname="testNGAnnotation_Flag.Flag3" name="method1" time="0.001"/>
  <testcase classname="testNGAnnotation_Flag.Flag3" name="method1" time="0.001"/>
  <testcase classname="testNGAnnotation_Flag.Flag3" name="method1" time="0.001"/>
  <testcase classname="testNGAnnotation_Flag.Flag3" name="method1" time="0.001"/>
  <testcase classname="testNGAnnotation_Flag.Flag3" name="method1" time="0.13"/>
  <testcase classname="testNGAnnotation_Flag.Flag3" name="method1" time="0.002"/>
  <testcase classname="testNGAnnotation_Flag.Flag3" name="method1" time="0.001"/>
  <testcase classname="testNGAnnotation_Flag.Flag3" name="method1" time="0.001"/>
  <testcase classname="testNGAnnotation_Flag.Flag3" name="method1" time="0.001"/>
  <testcase classname="testNGAnnotation_Flag.Flag3" name="method1" time="0.003"/>
  <testcase classname="testNGAnnotation_Flag.Flag3" name="method1" time="0.003"/>
  <testcase classname="testNGAnnotation_Flag.Flag3" name="method1" time="0.002"/>
  <testcase classname="testNGAnnotation_Flag.Flag3" name="method1" time="0.001"/>
  <testcase classname="testNGAnnotation_Flag.Flag3" name="method1" time="0.002"/>
  <testcase classname="testNGAnnotation_Flag.Flag3" name="method1" time="0.001"/>
  <testcase classname="testNGAnnotation_Flag.Flag3" name="method1" time="0.006"/>
  <testcase classname="testNGAnnotation_Flag.Flag3" name="method1" time="0.001"/>
  <testcase classname="testNGAnnotation_Flag.Flag3" name="method1" time="0.254"/>
  <testcase classname="testNGAnnotation_Flag.Flag3" name="method1" time="0.003"/>
  <testcase classname="testNGAnnotation_Flag.Flag3" name="method1" time="0.001"/>
  <testcase classname="testNGAnnotation_Flag.Flag3" name="method1" time="0.001"/>
  <testcase classname="testNGAnnotation_Flag.Flag3" name="method1" time="0.001"/>
  <testcase classname="testNGAnnotation_Flag.Flag3" name="method1" time="0.0"/>
  <testcase classname="testNGAnnotation_Flag.Flag3" name="method1" time="0.001"/>
  <testcase classname="testNGAnnotation_Flag.Flag3" name="method1" time="0.001"/>
  <testcase classname="testNGAnnotation_Flag.Flag3" name="method1" time="0.001"/>
  <testcase classname="testNGAnnotation_Flag.Flag3" name="method1" time="0.001"/>
  <testcase classname="testNGAnnotation_Flag.Flag3" name="method1" time="0.001"/>
  <testcase classname="testNGAnnotation_Flag.Flag3" name="method1" time="0.0"/>
  <testcase classname="testNGAnnotation_Flag.Flag3" name="method1" time="0.001"/>
  <testcase classname="testNGAnnotation_Flag.Flag3" name="method1" time="0.002"/>
  <testcase classname="testNGAnnotation_Flag.Flag3" name="method1" time="0.001"/>
  <testcase classname="testNGAnnotation_Flag.Flag3" name="method1" time="0.001"/>
  <testcase classname="testNGAnnotation_Flag.Flag3" name="method1" time="0.001"/>
  <testcase classname="testNGAnnotation_Flag.Flag3" name="method1" time="0.025"/>
  <testcase classname="testNGAnnotation_Flag.Flag3" name="method1" time="0.0"/>
  <testcase classname="testNGAnnotation_Flag.Flag3" name="method1" time="0.002"/>
  <testcase classname="testNGAnnotation_Flag.Flag3" name="method1" time="0.0"/>
  <testcase classname="testNGAnnotation_Flag.Flag3" name="method1" time="0.001"/>
  <testcase classname="testNGAnnotation_Flag.Flag3" name="method1" time="0.0"/>
  <testcase classname="testNGAnnotation_Flag.Flag3" name="method1" time="0.001"/>
  <testcase classname="testNGAnnotation_Flag.Flag3" name="method1" time="0.001"/>
  <testcase classname="testNGAnnotation_Flag.Flag3" name="method1" time="0.001"/>
  <testcase classname="testNGAnnotation_Flag.Flag3" name="method1" time="0.001"/>
  <testcase classname="testNGAnnotation_Flag.Flag3" name="method1" time="0.001"/>
  <testcase classname="testNGAnnotation_Flag.Flag3" name="method1" time="0.001"/>
  <testcase classname="testNGAnnotation_Flag.Flag3" name="method1" time="0.042"/>
  <testcase classname="testNGAnnotation_Flag.Flag3" name="method1" time="0.001"/>
  <testcase classname="testNGAnnotation_Flag.Flag3" name="method1" time="0.001"/>
  <testcase classname="testNGAnnotation_Flag.Flag3" name="method1" time="0.0"/>
  <testcase classname="testNGAnnotation_Flag.Flag3" name="method1" time="0.0"/>
  <testcase classname="testNGAnnotation_Flag.Flag3" name="method1" time="0.001"/>
  <testcase classname="testNGAnnotation_Flag.Flag3" name="method1" time="0.0"/>
  <testcase classname="testNGAnnotation_Flag.Flag3" name="method1" time="0.001"/>
  <testcase classname="testNGAnnotation_Flag.Flag3" name="method1" time="0.001"/>
  <testcase classname="testNGAnnotation_Flag.Flag3" name="method1" time="0.068"/>
  <testcase classname="testNGAnnotation_Flag.Flag3" name="method1" time="0.001"/>
  <testcase classname="testNGAnnotation_Flag.Flag3" name="method1" time="0.001"/>
  <testcase classname="testNGAnnotation_Flag.Flag3" name="method1" time="0.001"/>
  <testcase classname="testNGAnnotation_Flag.Flag3" name="method1" time="0.0"/>
  <testcase classname="testNGAnnotation_Flag.Flag3" name="method1" time="0.001"/>
  <testcase classname="testNGAnnotation_Flag.Flag3" name="method1" time="0.001"/>
  <testcase classname="testNGAnnotation_Flag.Flag3" name="method1" time="0.0"/>
  <testcase classname="testNGAnnotation_Flag.Flag3" name="method1" time="0.001"/>
  <testcase classname="testNGAnnotation_Flag.Flag3" name="method1" time="0.002"/>
  <testcase classname="testNGAnnotation_Flag.Flag3" name="method1" time="0.001"/>
  <testcase classname="testNGAnnotation_Flag.Flag3" name="method1" time="0.0"/>
  <testcase classname="testNGAnnotation_Flag.Flag3" name="method1" time="0.001"/>
  <testcase classname="testNGAnnotation_Flag.Flag3" name="method1" time="0.001"/>
  <testcase classname="testNGAnnotation_Flag.Flag3" name="method1" time="0.001"/>
  <testcase classname="testNGAnnotation_Flag.Flag3" name="method1" time="0.001"/>
  <testcase classname="testNGAnnotation_Flag.Flag3" name="method1" time="0.001"/>
  <testcase classname="testNGAnnotation_Flag.Flag3" name="method1" time="0.001"/>
  <testcase classname="testNGAnnotation_Flag.Flag3" name="method1" time="0.001"/>
  <testcase classname="testNGAnnotation_Flag.Flag3" name="method1" time="0.0"/>
  <testcase classname="testNGAnnotation_Flag.Flag3" name="method1" time="0.001"/>
  <testcase classname="testNGAnnotation_Flag.Flag3" name="method1" time="0.001"/>
  <testcase classname="testNGAnnotation_Flag.Flag3" name="method1" time="0.001"/>
  <testcase classname="testNGAnnotation_Flag.Flag3" name="method1" time="0.026"/>
  <testcase classname="testNGAnnotation_Flag.Flag3" name="method1" time="0.001"/>
  <testcase classname="testNGAnnotation_Flag.Flag3" name="method1" time="0.001"/>
  <testcase classname="testNGAnnotation_Flag.Flag3" name="method1" time="0.001"/>
  <testcase classname="testNGAnnotation_Flag.Flag3" name="method1" time="0.001"/>
  <testcase classname="testNGAnnotation_Flag.Flag3" name="method1" time="0.001"/>
  <testcase classname="testNGAnnotation_Flag.Flag3" name="method1" time="0.001"/>
  <testcase classname="testNGAnnotation_Flag.Flag3" name="method1" time="0.0"/>
  <testcase classname="testNGAnnotation_Flag.Flag3" name="method1" time="0.001"/>
  <testcase classname="testNGAnnotation_Flag.Flag3" name="method1" time="0.001"/>
  <testcase classname="testNGAnnotation_Flag.Flag3" name="method1" time="0.0"/>
  <testcase classname="testNGAnnotation_Flag.Flag3" name="method1" time="0.001"/>
  <testcase classname="testNGAnnotation_Flag.Flag3" name="method1" time="0.001"/>
  <testcase classname="testNGAnnotation_Flag.Flag3" name="method1" time="0.0"/>
  <testcase classname="testNGAnnotation_Flag.Flag3" name="method1" time="0.001"/>
  <testcase classname="testNGAnnotation_Flag.Flag3" name="method1" time="0.001"/>
  <testcase classname="testNGAnnotation_Flag.Flag3" name="method1" time="0.001"/>
  <testcase classname="testNGAnnotation_Flag.Flag3" name="method1" time="0.024"/>
  <testcase classname="testNGAnnotation_Flag.Flag3" name="method1" time="0.0"/>
  <testcase classname="testNGAnnotation_Flag.Flag3" name="method1" time="0.001"/>
  <testcase classname="testNGAnnotation_Flag.Flag3" name="method1" time="0.005"/>
  <testcase classname="testNGAnnotation_Flag.Flag3" name="method1" time="0.003"/>
  <testcase classname="testNGAnnotation_Flag.Flag3" name="method1" time="0.001"/>
  <testcase classname="testNGAnnotation_Flag.Flag3" name="method1" time="0.0"/>
  <testcase classname="testNGAnnotation_Flag.Flag3" name="method1" time="0.001"/>
  <testcase classname="testNGAnnotation_Flag.Flag3" name="method1" time="0.005"/>
  <testcase classname="testNGAnnotation_Flag.Flag3" name="method1" time="0.0"/>
  <testcase classname="testNGAnnotation_Flag.Flag3" name="method1" time="0.001"/>
  <testcase classname="testNGAnnotation_Flag.Flag3" name="method1" time="0.001"/>
  <testcase classname="testNGAnnotation_Flag.Flag3" name="method1" time="0.0"/>
  <testcase classname="testNGAnnotation_Flag.Flag3" name="method1" time="0.0"/>
  <testcase classname="testNGAnnotation_Flag.Flag3" name="method1" time="0.0"/>
  <testcase classname="testNGAnnotation_Flag.Flag3" name="method1" time="0.001"/>
  <testcase classname="testNGAnnotation_Flag.Flag3" name="method1" time="0.0"/>
  <testcase classname="testNGAnnotation_Flag.Flag3" name="method1" time="0.001"/>
  <testcase classname="testNGAnnotation_Flag.Flag3" name="method1" time="0.001"/>
  <testcase classname="testNGAnnotation_Flag.Flag3" name="method1" time="0.001"/>
  <testcase classname="testNGAnnotation_Flag.Flag3" name="method1" time="0.0"/>
  <testcase classname="testNGAnnotation_Flag.Flag3" name="method1" time="0.001"/>
  <testcase classname="testNGAnnotation_Flag.Flag3" name="method1" time="0.001"/>
  <testcase classname="testNGAnnotation_Flag.Flag3" name="method1" time="0.0"/>
  <testcase classname="testNGAnnotation_Flag.Flag3" name="method1" time="0.001"/>
  <testcase classname="testNGAnnotation_Flag.Flag3" name="method1" time="0.001"/>
  <testcase classname="testNGAnnotation_Flag.Flag3" name="method1" time="0.001"/>
  <testcase classname="testNGAnnotation_Flag.Flag3" name="method1" time="0.001"/>
  <testcase classname="testNGAnnotation_Flag.Flag3" name="method1" time="0.001"/>
  <testcase classname="testNGAnnotation_Flag.Flag3" name="method1" time="0.001"/>
  <testcase classname="testNGAnnotation_Flag.Flag3" name="method1" time="0.001"/>
  <testcase classname="testNGAnnotation_Flag.Flag3" name="method1" time="0.001"/>
  <testcase classname="testNGAnnotation_Flag.Flag3" name="method1" time="0.0"/>
  <testcase classname="testNGAnnotation_Flag.Flag3" name="method1" time="0.0"/>
  <testcase classname="testNGAnnotation_Flag.Flag3" name="method1" time="0.0"/>
  <testcase classname="testNGAnnotation_Flag.Flag3" name="method1" time="0.001"/>
  <testcase classname="testNGAnnotation_Flag.Flag3" name="method1" time="0.001"/>
  <testcase classname="testNGAnnotation_Flag.Flag3" name="method1" time="0.0"/>
  <testcase classname="testNGAnnotation_Flag.Flag3" name="method1" time="0.001"/>
  <testcase classname="testNGAnnotation_Flag.Flag3" name="method1" time="0.001"/>
  <testcase classname="testNGAnnotation_Flag.Flag3" name="method1" time="0.0"/>
  <testcase classname="testNGAnnotation_Flag.Flag3" name="method1" time="0.0"/>
  <testcase classname="testNGAnnotation_Flag.Flag3" name="method1" time="0.001"/>
  <testcase classname="testNGAnnotation_Flag.Flag3" name="method1" time="0.001"/>
  <testcase classname="testNGAnnotation_Flag.Flag3" name="method1" time="0.0"/>
  <testcase classname="testNGAnnotation_Flag.Flag3" name="method1" time="0.001"/>
  <testcase classname="testNGAnnotation_Flag.Flag3" name="method1" time="0.001"/>
  <testcase classname="testNGAnnotation_Flag.Flag3" name="method1" time="0.001"/>
  <testcase classname="testNGAnnotation_Flag.Flag3" name="method1" time="0.001"/>
  <testcase classname="testNGAnnotation_Flag.Flag3" name="method1" time="0.001"/>
  <testcase classname="testNGAnnotation_Flag.Flag3" name="method1" time="0.003"/>
  <testcase classname="testNGAnnotation_Flag.Flag3" name="method1" time="0.001"/>
  <testcase classname="testNGAnnotation_Flag.Flag3" name="method1" time="0.001"/>
  <testcase classname="testNGAnnotation_Flag.Flag3" name="method1" time="0.0"/>
  <testcase classname="testNGAnnotation_Flag.Flag3" name="method1" time="0.0"/>
  <testcase classname="testNGAnnotation_Flag.Flag3" name="method1" time="0.001"/>
  <testcase classname="testNGAnnotation_Flag.Flag3" name="method1" time="0.001"/>
  <testcase classname="testNGAnnotation_Flag.Flag3" name="method1" time="0.001"/>
  <testcase classname="testNGAnnotation_Flag.Flag3" name="method1" time="0.0"/>
  <testcase classname="testNGAnnotation_Flag.Flag3" name="method1" time="0.001"/>
  <testcase classname="testNGAnnotation_Flag.Flag3" name="method1" time="0.001"/>
  <testcase classname="testNGAnnotation_Flag.Flag3" name="method1" time="0.001"/>
  <testcase classname="testNGAnnotation_Flag.Flag3" name="method1" time="0.0"/>
  <testcase classname="testNGAnnotation_Flag.Flag3" name="method1" time="0.001"/>
  <testcase classname="testNGAnnotation_Flag.Flag3" name="method1" time="0.001"/>
  <testcase classname="testNGAnnotation_Flag.Flag3" name="method1" time="0.0"/>
  <testcase classname="testNGAnnotation_Flag.Flag3" name="method1" time="0.0"/>
  <testcase classname="testNGAnnotation_Flag.Flag3" name="method1" time="0.001"/>
  <testcase classname="testNGAnnotation_Flag.Flag3" name="method1" time="0.0"/>
  <testcase classname="testNGAnnotation_Flag.Flag3" name="method1" time="0.001"/>
  <testcase classname="testNGAnnotation_Flag.Flag3" name="method1" time="0.001"/>
  <testcase classname="testNGAnnotation_Flag.Flag3" name="method1" time="0.0"/>
  <testcase classname="testNGAnnotation_Flag.Flag3" name="method1" time="0.001"/>
  <testcase classname="testNGAnnotation_Flag.Flag3" name="method1" time="0.001"/>
  <testcase classname="testNGAnnotation_Flag.Flag3" name="method1" time="0.001"/>
  <testcase classname="testNGAnnotation_Flag.Flag3" name="method1" time="0.0"/>
  <testcase classname="testNGAnnotation_Flag.Flag3" name="method1" time="0.001"/>
  <testcase classname="testNGAnnotation_Flag.Flag3" name="method1" time="0.0"/>
  <testcase classname="testNGAnnotation_Flag.Flag3" name="method1" time="0.001"/>
  <testcase classname="testNGAnnotation_Flag.Flag3" name="method1" time="0.001"/>
  <testcase classname="testNGAnnotation_Flag.Flag3" name="method1" time="0.001"/>
  <testcase classname="testNGAnnotation_Flag.Flag3" name="method1" time="0.0"/>
  <testcase classname="testNGAnnotation_Flag.Flag3" name="method1" time="0.001"/>
  <testcase classname="testNGAnnotation_Flag.Flag3" name="method1" time="0.0"/>
  <testcase classname="testNGAnnotation_Flag.Flag3" name="method1" time="0.001"/>
  <testcase classname="testNGAnnotation_Flag.Flag3" name="method1" time="0.001"/>
  <testcase classname="testNGAnnotation_Flag.Flag3" name="method1" time="0.0"/>
  <testcase classname="testNGAnnotation_Flag.Flag3" name="method1" time="0.001"/>
  <testcase classname="testNGAnnotation_Flag.Flag3" name="method1" time="0.001"/>
  <testcase classname="testNGAnnotation_Flag.Flag3" name="method1" time="0.0"/>
  <testcase classname="testNGAnnotation_Flag.Flag3" name="method1" time="0.001"/>
  <testcase classname="testNGAnnotation_Flag.Flag3" name="method1" time="0.0"/>
  <testcase classname="testNGAnnotation_Flag.Flag3" name="method1" time="0.001"/>
  <testcase classname="testNGAnnotation_Flag.Flag3" name="method1" time="0.0"/>
  <testcase classname="testNGAnnotation_Flag.Flag3" name="method1" time="0.001"/>
  <testcase classname="testNGAnnotation_Flag.Flag3" name="method1" time="0.001"/>
  <testcase classname="testNGAnnotation_Flag.Flag3" name="method1" time="0.001"/>
  <testcase classname="testNGAnnotation_Flag.Flag3" name="method1" time="0.0"/>
  <testcase classname="testNGAnnotation_Flag.Flag3" name="method1" time="0.001"/>
  <testcase classname="testNGAnnotation_Flag.Flag3" name="method1" time="0.001"/>
  <testcase classname="testNGAnnotation_Flag.Flag3" name="method1" time="0.001"/>
  <testcase classname="testNGAnnotation_Flag.Flag3" name="method1" time="0.0"/>
  <testcase classname="testNGAnnotation_Flag.Flag3" name="method1" time="0.0"/>
  <testcase classname="testNGAnnotation_Flag.Flag3" name="method1" time="0.001"/>
  <testcase classname="testNGAnnotation_Flag.Flag3" name="method1" time="0.001"/>
  <testcase classname="testNGAnnotation_Flag.Flag3" name="method1" time="0.001"/>
  <testcase classname="testNGAnnotation_Flag.Flag3" name="method1" time="0.001"/>
  <testcase classname="testNGAnnotation_Flag.Flag3" name="method1" time="0.0"/>
  <testcase classname="testNGAnnotation_Flag.Flag3" name="method1" time="0.001"/>
  <testcase classname="testNGAnnotation_Flag.Flag3" name="method1" time="0.0"/>
  <testcase classname="testNGAnnotation_Flag.Flag3" name="method1" time="0.001"/>
  <testcase classname="testNGAnnotation_Flag.Flag3" name="method1" time="0.0"/>
  <testcase classname="testNGAnnotation_Flag.Flag3" name="method1" time="0.0"/>
  <testcase classname="testNGAnnotation_Flag.Flag3" name="method1" time="0.001"/>
  <testcase classname="testNGAnnotation_Flag.Flag3" name="method1" time="0.0"/>
  <testcase classname="testNGAnnotation_Flag.Flag3" name="method1" time="0.001"/>
  <testcase classname="testNGAnnotation_Flag.Flag3" name="method1" time="0.001"/>
  <testcase classname="testNGAnnotation_Flag.Flag3" name="method1" time="0.001"/>
  <testcase classname="testNGAnnotation_Flag.Flag3" name="method1" time="0.0"/>
  <testcase classname="testNGAnnotation_Flag.Flag3" name="method1" time="0.001"/>
  <testcase classname="testNGAnnotation_Flag.Flag3" name="method1" time="0.002"/>
  <testcase classname="testNGAnnotation_Flag.Flag3" name="method1" time="0.0"/>
  <testcase classname="testNGAnnotation_Flag.Flag3" name="method1" time="0.001"/>
  <testcase classname="testNGAnnotation_Flag.Flag3" name="method1" time="0.001"/>
  <testcase classname="testNGAnnotation_Flag.Flag3" name="method1" time="0.001"/>
  <testcase classname="testNGAnnotation_Flag.Flag3" name="method1" time="0.001"/>
  <testcase classname="testNGAnnotation_Flag.Flag3" name="method1" time="0.0"/>
  <testcase classname="testNGAnnotation_Flag.Flag3" name="method1" time="0.001"/>
  <testcase classname="testNGAnnotation_Flag.Flag3" name="method1" time="0.0"/>
  <testcase classname="testNGAnnotation_Flag.Flag3" name="method1" time="0.001"/>
  <testcase classname="testNGAnnotation_Flag.Flag3" name="method1" time="0.0"/>
  <testcase classname="testNGAnnotation_Flag.Flag3" name="method1" time="0.0"/>
  <testcase classname="testNGAnnotation_Flag.Flag3" name="method1" time="0.001"/>
  <testcase classname="testNGAnnotation_Flag.Flag3" name="method1" time="0.001"/>
  <testcase classname="testNGAnnotation_Flag.Flag3" name="method1" time="0.001"/>
  <testcase classname="testNGAnnotation_Flag.Flag3" name="method1" time="0.001"/>
  <testcase classname="testNGAnnotation_Flag.Flag3" name="method1" time="0.0"/>
  <testcase classname="testNGAnnotation_Flag.Flag3" name="method1" time="0.001"/>
  <testcase classname="testNGAnnotation_Flag.Flag3" name="method1" time="0.001"/>
  <testcase classname="testNGAnnotation_Flag.Flag3" name="method1" time="0.016"/>
  <testcase classname="testNGAnnotation_Flag.Flag3" name="method1" time="0.001"/>
  <testcase classname="testNGAnnotation_Flag.Flag3" name="method1" time="0.0"/>
  <testcase classname="testNGAnnotation_Flag.Flag3" name="method1" time="0.001"/>
  <testcase classname="testNGAnnotation_Flag.Flag3" name="method1" time="0.0"/>
  <testcase classname="testNGAnnotation_Flag.Flag3" name="method1" time="0.001"/>
  <testcase classname="testNGAnnotation_Flag.Flag3" name="method1" time="0.001"/>
  <testcase classname="testNGAnnotation_Flag.Flag3" name="method1" time="0.001"/>
  <testcase classname="testNGAnnotation_Flag.Flag3" name="method1" time="0.001"/>
  <testcase classname="testNGAnnotation_Flag.Flag3" name="method1" time="0.0"/>
  <testcase classname="testNGAnnotation_Flag.Flag3" name="method1" time="0.001"/>
  <testcase classname="testNGAnnotation_Flag.Flag3" name="method1" time="0.001"/>
  <testcase classname="testNGAnnotation_Flag.Flag3" name="method1" time="0.001"/>
  <testcase classname="testNGAnnotation_Flag.Flag3" name="method1" time="0.0"/>
  <testcase classname="testNGAnnotation_Flag.Flag3" name="method1" time="0.001"/>
  <testcase classname="testNGAnnotation_Flag.Flag3" name="method1" time="0.0"/>
  <testcase classname="testNGAnnotation_Flag.Flag3" name="method1" time="0.001"/>
  <testcase classname="testNGAnnotation_Flag.Flag3" name="method1" time="0.002"/>
  <testcase classname="testNGAnnotation_Flag.Flag3" name="method1" time="0.0"/>
  <testcase classname="testNGAnnotation_Flag.Flag3" name="method1" time="0.001"/>
  <testcase classname="testNGAnnotation_Flag.Flag3" name="method1" time="0.002"/>
  <testcase classname="testNGAnnotation_Flag.Flag3" name="method1" time="0.0"/>
  <testcase classname="testNGAnnotation_Flag.Flag3" name="method1" time="0.001"/>
  <testcase classname="testNGAnnotation_Flag.Flag3" name="method1" time="0.001"/>
  <testcase classname="testNGAnnotation_Flag.Flag3" name="method1" time="0.001"/>
  <testcase classname="testNGAnnotation_Flag.Flag3" name="method1" time="0.0"/>
  <testcase classname="testNGAnnotation_Flag.Flag3" name="method1" time="0.001"/>
  <testcase classname="testNGAnnotation_Flag.Flag3" name="method1" time="0.0"/>
  <testcase classname="testNGAnnotation_Flag.Flag3" name="method1" time="0.001"/>
  <testcase classname="testNGAnnotation_Flag.Flag3" name="method1" time="0.001"/>
  <testcase classname="testNGAnnotation_Flag.Flag3" name="method1" time="0.001"/>
  <testcase classname="testNGAnnotation_Flag.Flag3" name="method1" time="0.001"/>
  <testcase classname="testNGAnnotation_Flag.Flag3" name="method1" time="0.0"/>
  <testcase classname="testNGAnnotation_Flag.Flag3" name="method1" time="0.002"/>
  <testcase classname="testNGAnnotation_Flag.Flag3" name="method1" time="0.001"/>
  <testcase classname="testNGAnnotation_Flag.Flag3" name="method1" time="0.0"/>
  <testcase classname="testNGAnnotation_Flag.Flag3" name="method1" time="0.001"/>
  <testcase classname="testNGAnnotation_Flag.Flag3" name="method1" time="0.0"/>
  <testcase classname="testNGAnnotation_Flag.Flag3" name="method1" time="0.004"/>
  <testcase classname="testNGAnnotation_Flag.Flag3" name="method1" time="0.0"/>
  <testcase classname="testNGAnnotation_Flag.Flag3" name="method1" time="0.0"/>
  <testcase classname="testNGAnnotation_Flag.Flag3" name="method1" time="0.001"/>
  <testcase classname="testNGAnnotation_Flag.Flag3" name="method1" time="0.019"/>
  <testcase classname="testNGAnnotation_Flag.Flag3" name="method1" time="0.001"/>
  <testcase classname="testNGAnnotation_Flag.Flag3" name="method1" time="0.0"/>
  <testcase classname="testNGAnnotation_Flag.Flag3" name="method1" time="0.001"/>
  <testcase classname="testNGAnnotation_Flag.Flag3" name="method1" time="0.001"/>
  <testcase classname="testNGAnnotation_Flag.Flag3" name="method1" time="0.001"/>
  <testcase classname="testNGAnnotation_Flag.Flag3" name="method1" time="0.001"/>
  <testcase classname="testNGAnnotation_Flag.Flag3" name="method1" time="0.003"/>
  <testcase classname="testNGAnnotation_Flag.Flag3" name="method1" time="0.001"/>
  <testcase classname="testNGAnnotation_Flag.Flag3" name="method1" time="0.001"/>
  <testcase classname="testNGAnnotation_Flag.Flag3" name="method1" time="0.0"/>
  <testcase classname="testNGAnnotation_Flag.Flag3" name="method1" time="0.0"/>
  <testcase classname="testNGAnnotation_Flag.Flag3" name="method1" time="0.0"/>
  <testcase classname="testNGAnnotation_Flag.Flag3" name="method1" time="0.001"/>
  <testcase classname="testNGAnnotation_Flag.Flag3" name="method1" time="0.0"/>
  <testcase classname="testNGAnnotation_Flag.Flag3" name="method1" time="0.001"/>
  <testcase classname="testNGAnnotation_Flag.Flag3" name="method1" time="0.001"/>
  <testcase classname="testNGAnnotation_Flag.Flag3" name="method1" time="0.001"/>
  <testcase classname="testNGAnnotation_Flag.Flag3" name="method1" time="0.0"/>
  <testcase classname="testNGAnnotation_Flag.Flag3" name="method1" time="0.0"/>
  <testcase classname="testNGAnnotation_Flag.Flag3" name="method1" time="0.001"/>
  <testcase classname="testNGAnnotation_Flag.Flag3" name="method1" time="0.001"/>
  <testcase classname="testNGAnnotation_Flag.Flag3" name="method1" time="0.001"/>
  <testcase classname="testNGAnnotation_Flag.Flag3" name="method1" time="0.001"/>
  <testcase classname="testNGAnnotation_Flag.Flag3" name="method1" time="0.001"/>
  <testcase classname="testNGAnnotation_Flag.Flag3" name="method1" time="0.001"/>
  <testcase classname="testNGAnnotation_Flag.Flag3" name="method1" time="0.0"/>
  <testcase classname="testNGAnnotation_Flag.Flag3" name="method1" time="0.0"/>
  <testcase classname="testNGAnnotation_Flag.Flag3" name="method1" time="0.001"/>
  <testcase classname="testNGAnnotation_Flag.Flag3" name="method1" time="0.001"/>
  <testcase classname="testNGAnnotation_Flag.Flag3" name="method1" time="0.001"/>
  <testcase classname="testNGAnnotation_Flag.Flag3" name="method1" time="0.001"/>
  <testcase classname="testNGAnnotation_Flag.Flag3" name="method1" time="0.001"/>
  <testcase classname="testNGAnnotation_Flag.Flag3" name="method1" time="0.001"/>
  <testcase classname="testNGAnnotation_Flag.Flag3" name="method1" time="0.0"/>
  <testcase classname="testNGAnnotation_Flag.Flag3" name="method1" time="0.001"/>
  <testcase classname="testNGAnnotation_Flag.Flag3" name="method1" time="0.0"/>
  <testcase classname="testNGAnnotation_Flag.Flag3" name="method1" time="0.001"/>
  <testcase classname="testNGAnnotation_Flag.Flag3" name="method1" time="0.001"/>
  <testcase classname="testNGAnnotation_Flag.Flag3" name="method1" time="0.002"/>
  <testcase classname="testNGAnnotation_Flag.Flag3" name="method1" time="0.0"/>
  <testcase classname="testNGAnnotation_Flag.Flag3" name="method1" time="0.0"/>
  <testcase classname="testNGAnnotation_Flag.Flag3" name="method1" time="0.001"/>
  <testcase classname="testNGAnnotation_Flag.Flag3" name="method1" time="0.0"/>
  <testcase classname="testNGAnnotation_Flag.Flag3" name="method1" time="0.0"/>
  <testcase classname="testNGAnnotation_Flag.Flag3" name="method1" time="0.001"/>
  <testcase classname="testNGAnnotation_Flag.Flag3" name="method1" time="0.001"/>
  <testcase classname="testNGAnnotation_Flag.Flag3" name="method1" time="0.001"/>
  <testcase classname="testNGAnnotation_Flag.Flag3" name="method1" time="0.002"/>
  <testcase classname="testNGAnnotation_Flag.Flag3" name="method1" time="0.0"/>
  <testcase classname="testNGAnnotation_Flag.Flag3" name="method1" time="0.001"/>
  <testcase classname="testNGAnnotation_Flag.Flag3" name="method1" time="0.001"/>
  <testcase classname="testNGAnnotation_Flag.Flag3" name="method1" time="0.001"/>
  <testcase classname="testNGAnnotation_Flag.Flag3" name="method1" time="0.0"/>
  <testcase classname="testNGAnnotation_Flag.Flag3" name="method1" time="0.001"/>
  <testcase classname="testNGAnnotation_Flag.Flag3" name="method1" time="0.0"/>
  <testcase classname="testNGAnnotation_Flag.Flag3" name="method1" time="0.001"/>
  <testcase classname="testNGAnnotation_Flag.Flag3" name="method1" time="0.004"/>
  <testcase classname="testNGAnnotation_Flag.Flag3" name="method1" time="0.001"/>
  <testcase classname="testNGAnnotation_Flag.Flag3" name="method1" time="0.001"/>
  <testcase classname="testNGAnnotation_Flag.Flag3" name="method1" time="0.001"/>
  <testcase classname="testNGAnnotation_Flag.Flag3" name="method1" time="0.0"/>
  <testcase classname="testNGAnnotation_Flag.Flag3" name="method1" time="0.001"/>
  <testcase classname="testNGAnnotation_Flag.Flag3" name="method1" time="0.001"/>
  <testcase classname="testNGAnnotation_Flag.Flag3" name="method1" time="0.001"/>
  <testcase classname="testNGAnnotation_Flag.Flag3" name="method1" time="0.001"/>
  <testcase classname="testNGAnnotation_Flag.Flag3" name="method1" time="0.001"/>
  <testcase classname="testNGAnnotation_Flag.Flag3" name="method1" time="0.001"/>
  <testcase classname="testNGAnnotation_Flag.Flag3" name="method1" time="0.001"/>
  <testcase classname="testNGAnnotation_Flag.Flag3" name="method1" time="0.001"/>
  <testcase classname="testNGAnnotation_Flag.Flag3" name="method1" time="0.0"/>
  <testcase classname="testNGAnnotation_Flag.Flag3" name="method1" time="0.0"/>
  <testcase classname="testNGAnnotation_Flag.Flag3" name="method1" time="0.001"/>
  <testcase classname="testNGAnnotation_Flag.Flag3" name="method1" time="0.001"/>
  <testcase classname="testNGAnnotation_Flag.Flag3" name="method1" time="0.001"/>
  <testcase classname="testNGAnnotation_Flag.Flag3" name="method1" time="0.001"/>
  <testcase classname="testNGAnnotation_Flag.Flag3" name="method1" time="0.0"/>
  <testcase classname="testNGAnnotation_Flag.Flag3" name="method1" time="0.001"/>
  <testcase classname="testNGAnnotation_Flag.Flag3" name="method1" time="0.0"/>
  <testcase classname="testNGAnnotation_Flag.Flag3" name="method1" time="0.002"/>
  <testcase classname="testNGAnnotation_Flag.Flag3" name="method1" time="0.0"/>
  <testcase classname="testNGAnnotation_Flag.Flag3" name="method1" time="0.001"/>
  <testcase classname="testNGAnnotation_Flag.Flag3" name="method1" time="0.001"/>
  <testcase classname="testNGAnnotation_Flag.Flag3" name="method1" time="0.0"/>
  <testcase classname="testNGAnnotation_Flag.Flag3" name="method1" time="0.001"/>
  <testcase classname="testNGAnnotation_Flag.Flag3" name="method1" time="0.001"/>
  <testcase classname="testNGAnnotation_Flag.Flag3" name="method1" time="0.001"/>
  <testcase classname="testNGAnnotation_Flag.Flag3" name="method1" time="0.0"/>
  <testcase classname="testNGAnnotation_Flag.Flag3" name="method1" time="0.001"/>
  <testcase classname="testNGAnnotation_Flag.Flag3" name="method1" time="0.001"/>
  <testcase classname="testNGAnnotation_Flag.Flag3" name="method1" time="0.001"/>
  <testcase classname="testNGAnnotation_Flag.Flag3" name="method1" time="0.001"/>
  <testcase classname="testNGAnnotation_Flag.Flag3" name="method1" time="0.0"/>
  <testcase classname="testNGAnnotation_Flag.Flag3" name="method1" time="0.001"/>
  <testcase classname="testNGAnnotation_Flag.Flag3" name="method1" time="0.001"/>
  <testcase classname="testNGAnnotation_Flag.Flag3" name="method1" time="0.0"/>
  <testcase classname="testNGAnnotation_Flag.Flag3" name="method1" time="0.0"/>
  <testcase classname="testNGAnnotation_Flag.Flag3" name="method1" time="0.001"/>
  <testcase classname="testNGAnnotation_Flag.Flag3" name="method1" time="0.001"/>
  <testcase classname="testNGAnnotation_Flag.Flag3" name="method1" time="0.001"/>
  <testcase classname="testNGAnnotation_Flag.Flag3" name="method1" time="0.001"/>
  <testcase classname="testNGAnnotation_Flag.Flag3" name="method1" time="0.0"/>
</testsuite> <!-- Test -->
